This is LuaHBTeX, Version 1.15.0 (TeX Live 2022/Debian)  (format=lualatex 2023.11.15)  3 DEC 2023 21:17
 restricted system commands enabled.
**Dokumentacija
(./Dokumentacija
LaTeX2e <2022-11-01> patch level 1
Lua module: luaotfload 2022-10-03 3.23 Lua based OpenType font support
Lua module: lualibs 2022-10-04 2.75 ConTeXt Lua standard libraries.
Lua module: lualibs-extended 2022-10-04 2.75 ConTeXt Lua libraries -- extended c
ollection.
luaotfload | conf : Root cache directory is "/home/arnas/.texlive2022/texmf-var/
luatex-cache/generic/names".
luaotfload | init : Loading fontloader "fontloader-2022-10-03.lua" from kpse-res
olved path "/usr/share/texlive/texmf-dist/tex/luatex/luaotfload/fontloader-2022-
10-03.lua".
Lua-only attribute luaotfload@noligature = 1
luaotfload | init : Context OpenType loader version 3.120
Inserting `luaotfload.node_processor' in `pre_linebreak_filter'.
Inserting `luaotfload.node_processor' in `hpack_filter'.
Inserting `luaotfload.glyph_stream' in `glyph_stream_provider'.
Inserting `luaotfload.define_font' in `define_font'.
Lua-only attribute luaotfload_color_attribute = 2
luaotfload | conf : Root cache directory is "/home/arnas/.texlive2022/texmf-var/
luatex-cache/generic/names".
Inserting `luaotfload.harf.strip_prefix' in `find_opentype_file'.
Inserting `luaotfload.harf.strip_prefix' in `find_truetype_file'.
Removing  `luaotfload.glyph_stream' from `glyph_stream_provider'.
Inserting `luaotfload.harf.glyphstream' in `glyph_stream_provider'.
Inserting `luaotfload.harf.finalize_vlist' in `post_linebreak_filter'.
Inserting `luaotfload.harf.finalize_hlist' in `hpack_filter'.
Inserting `luaotfload.cleanup_files' in `wrapup_run'.
Inserting `luaotfload.harf.finalize_unicode' in `finish_pdffile'.
Inserting `luaotfload.glyphinfo' in `glyph_info'.
Lua-only attribute luaotfload.letterspace_done = 3
Inserting `luaotfload.aux.set_sscale_dimens' in `luaotfload.patch_font'.
Inserting `luaotfload.aux.set_font_index' in `luaotfload.patch_font'.
Inserting `luaotfload.aux.patch_cambria_domh' in `luaotfload.patch_font'.
Inserting `luaotfload.aux.fixup_fontdata' in `luaotfload.patch_font_unsafe'.
Inserting `luaotfload.aux.set_capheight' in `luaotfload.patch_font'.
Inserting `luaotfload.aux.set_xheight' in `luaotfload.patch_font'.
Inserting `luaotfload.rewrite_fontname' in `luaotfload.patch_font'. L3 programm
ing layer <2023-01-16>
Inserting `tracingstacklevels' in `input_level_string'.
(/usr/share/texlive/texmf-dist/tex/latex/base/article.cls
Document Class: article 2022/07/02 v1.4n Standard LaTeX document class
(/usr/share/texlive/texmf-dist/tex/latex/base/size12.clo
File: size12.clo 2022/07/02 v1.4n Standard LaTeX file (size option)
luaotfload | db : Font names database loaded from /home/arnas/.texlive2022/texmf
-var/luatex-cache/generic/names/luaotfload-names.luc.gz)
\c@part=\count183
\c@section=\count184
\c@subsection=\count185
\c@subsubsection=\count186
\c@paragraph=\count187
\c@subparagraph=\count188
\c@figure=\count189
\c@table=\count190
\abovecaptionskip=\skip48
\belowcaptionskip=\skip49
\bibindent=\dimen139
)
(/usr/share/texlive/texmf-dist/tex/generic/babel/babel.sty
Package: babel 2022/12/26 3.84 The Babel package

(/usr/share/texlive/texmf-dist/tex/generic/babel/luababel.def
\bbl@readstream=\read2
\l@dumylang=\language2
Package babel Info: Non-standard hyphenation setup on input line 118.
\l@nohyphenation=\language3
\l@armenian=\language4
\l@malayalam=\language5
\l@greek=\language6
\l@afrikaans=\language7
\l@danish=\language8
\l@turkish=\language9
\l@ethiopic=\language10
\l@ngerman-x-2022-03-16=\language11
\l@macedonian=\language12
\l@serbian=\language13
\l@mongolianlmc=\language14
\l@oriya=\language15
\l@bokmal=\language16
\l@ancientgreek=\language17
\l@dutch=\language18
\l@serbianc=\language19
\l@classiclatin=\language20
\l@schoolfinnish=\language21
\l@mongolian=\language22
\l@coptic=\language23
\l@farsi=\language24
\l@swedish=\language25
\l@kurmanji=\language26
\l@welsh=\language27
\l@indonesian=\language28
\l@pinyin=\language29
\l@esperanto=\language30
\l@lithuanian=\language31
\l@finnish=\language32
\l@romansh=\language33
\l@panjabi=\language34
\l@swissgerman=\language35
\l@usenglishmax=\language36
\l@hungarian=\language37
\l@georgian=\language38
\l@ukenglish=\language39
\l@marathi=\language40
\l@liturgicallatin=\language41
\l@italian=\language42
\l@bulgarian=\language43
\l@german=\language44
\l@spanish=\language45
\l@nynorsk=\language46
\l@ngerman=\language47
\l@slovenian=\language48
\l@russian=\language49
\l@icelandic=\language50
\l@latvian=\language51
\l@assamese=\language52
\l@ibycus=\language53
\l@estonian=\language54
\l@croatian=\language55
\l@pali=\language56
\l@galician=\language57
\l@tamil=\language58
\l@kannada=\language59
\l@churchslavonic=\language60
\l@slovak=\language61
\l@french=\language62
\l@hindi=\language63
\l@latin=\language64
\l@belarusian=\language65
\l@basque=\language66
\l@uppersorbian=\language67
\l@occitan=\language68
\l@irish=\language69
\l@arabic=\language70
\l@czech=\language71
\l@catalan=\language72
\l@romanian=\language73
\l@bengali=\language74
\l@ukrainian=\language75
\l@monogreek=\language76
\l@piedmontese=\language77
\l@sanskrit=\language78
\l@interlingua=\language79
\l@turkmen=\language80
\l@polish=\language81
\l@friulan=\language82
\l@telugu=\language83
\l@german-x-2022-03-16=\language84
\l@thai=\language85
\l@portuguese=\language86
\l@gujarati=\language87
\babelcatcodetablenum=\catcodetable12
\bbl@pattcodes=\catcodetable13
)
\babel@savecnt=\count191
\U@D=\dimen140
\l@unhyphenated=\language88

(/usr/share/texlive/texmf-dist/tex/generic/babel/luababel.def
\bbl@attr@locale=\attribute4
)
(/usr/share/texlive/texmf-dist/tex/latex/lithuanian/lithuanian.ldf
Language: lithuanian 2017/12/06 v1.0 Lithuanian support from the babel system

(/usr/share/texlive/texmf-dist/tex/generic/hyph-utf8/loadhyph/loadhyph-lt.tex
UTF-8 Lithuanian hyphenation patterns
(/usr/share/texlive/texmf-dist/tex/generic/hyph-utf8/patterns/tex/hyph-lt.tex)))
)
(/usr/share/texlive/texmf-dist/tex/generic/babel/locale/lt/babel-lithuanian.tex
Package babel Info: Importing font and identification data for lithuanian
(babel)             from babel-lt.ini. Reported on input line 11.
) (/usr/share/texlive/texmf-dist/tex/latex/base/inputenc.sty
Package: inputenc 2021/02/14 v1.3d Input encoding file
\inpenc@prehook=\toks16
\inpenc@posthook=\toks17


Package inputenc Warning: inputenc package ignored with utf8 based engines.

) (/usr/share/texlive/texmf-dist/tex/latex/base/fontenc.sty
Package: fontenc 2021/04/29 v2.0v Standard LaTeX package
LaTeX Font Info:    Trying to load font information for T1+lmr on input line 11
2.

(/usr/share/texmf/tex/latex/lm/t1lmr.fd
File: t1lmr.fd 2015/05/01 v1.6.1 Font defs for Latin Modern
))
(/usr/share/texlive/texmf-dist/tex/latex/l3backend/l3backend-luatex.def
File: l3backend-luatex.def 2023-01-16 L3 backend support: PDF output (LuaTeX)
\l__color_backend_stack_int=\count192
\l__pdf_internal_box=\box51
)
(./Dokumentacija.aux)
\openout1 = Dokumentacija.aux

LaTeX Font Info:    Checking defaults for OML/cmm/m/it on input line 9.
LaTeX Font Info:    ... okay on input line 9.
LaTeX Font Info:    Checking defaults for OMS/cmsy/m/n on input line 9.
LaTeX Font Info:    ... okay on input line 9.
LaTeX Font Info:    Checking defaults for OT1/cmr/m/n on input line 9.
LaTeX Font Info:    ... okay on input line 9.
LaTeX Font Info:    Checking defaults for T1/cmr/m/n on input line 9.
LaTeX Font Info:    ... okay on input line 9.
LaTeX Font Info:    Checking defaults for TS1/cmr/m/n on input line 9.
LaTeX Font Info:    Trying to load font information for TS1+cmr on input line 9
.
 (/usr/share/texlive/texmf-dist/tex/latex/base/ts1cmr.fd
File: ts1cmr.fd 2022/07/10 v2.5l Standard LaTeX font definitions
)
LaTeX Font Info:    ... okay on input line 9.
LaTeX Font Info:    Checking defaults for TU/lmr/m/n on input line 9.
LaTeX Font Info:    ... okay on input line 9.
LaTeX Font Info:    Checking defaults for OMX/cmex/m/n on input line 9.
LaTeX Font Info:    ... okay on input line 9.
LaTeX Font Info:    Checking defaults for U/cmr/m/n on input line 9.
LaTeX Font Info:    ... okay on input line 9.
LaTeX Font Info:    External font `cmex10' loaded for size
(Font)              <14.4> on input line 10.
LaTeX Font Info:    External font `cmex10' loaded for size
(Font)              <7> on input line 10.

[1

{/var/lib/texmf/fonts/map/pdftex/updmap/pdftex.map}] (./Dokumentacija.toc
LaTeX Font Info:    External font `cmex10' loaded for size
(Font)              <12> on input line 4.
LaTeX Font Info:    External font `cmex10' loaded for size
(Font)              <8> on input line 4.
LaTeX Font Info:    External font `cmex10' loaded for size
(Font)              <6> on input line 4.
)
\tf@toc=\write3

\openout3 = Dokumentacija.toc

[1
Missing character: There is no ų (U+0173) in font ec-lmbx12!
Missing character: There is no š (U+0161) in font ec-lmbx12!
] [2
Missing character: There is no ž (U+017E) in font ec-lmr12!
Missing character: There is no į (U+012F) in font ec-lmr12!
Missing character: There is no š (U+0161) in font ec-lmr12!
Missing character: There is no į (U+012F) in font ec-lmr12!
Missing character: There is no ų (U+0173) in font ec-lmr12!
Missing character: There is no š (U+0161) in font ec-lmr12!
] [3
Missing character: There is no ų (U+0173) in font ec-lmbx12!
Missing character: There is no š (U+0161) in font ec-lmbx12!
Missing character: There is no į (U+012F) in font ec-lmr12!
Missing character: There is no į (U+012F) in font ec-lmr12!
Missing character: There is no š (U+0161) in font ec-lmr12!
Missing character: There is no į (U+012F) in font ec-lmr12!
Missing character: There is no ę (U+0119) in font ec-lmr12!
Missing character: There is no ę (U+0119) in font ec-lmr12!
Missing character: There is no š (U+0161) in font ec-lmr12!
Missing character: There is no š (U+0161) in font ec-lmr12!
Missing character: There is no į (U+012F) in font ec-lmr12!
Missing character: There is no ą (U+0105) in font ec-lmr12!
Missing character: There is no š (U+0161) in font ec-lmr12!
Missing character: There is no ą (U+0105) in font ec-lmr12!
Missing character: There is no ų (U+0173) in font ec-lmr12!
Missing character: There is no ą (U+0105) in font ec-lmr12!
Missing character: There is no č (U+010D) in font ec-lmr12!
Missing character: There is no į (U+012F) in font ec-lmr12!
Missing character: There is no š (U+0161) in font ec-lmr12!
Missing character: There is no į (U+012F) in font ec-lmr12!
Missing character: There is no š (U+0161) in font ec-lmr12!
Missing character: There is no č (U+010D) in font ec-lmr12!
Missing character: There is no ą (U+0105) in font ec-lmr12!
Missing character: There is no š (U+0161) in font ec-lmr12!
Missing character: There is no ą (U+0105) in font ec-lmr12!
Missing character: There is no į (U+012F) in font ec-lmr12!
Missing character: There is no ė (U+0117) in font ec-lmr12!
Missing character: There is no į (U+012F) in font ec-lmr12!
Missing character: There is no š (U+0161) in font ec-lmr12!
Missing character: There is no š (U+0161) in font ec-lmr12!
Missing character: There is no č (U+010D) in font ec-lmr12!
Missing character: There is no ą (U+0105) in font ec-lmr12!
Missing character: There is no č (U+010D) in font ec-lmr12!
Missing character: There is no š (U+0161) in font ec-lmr12!
Missing character: There is no ė (U+0117) in font ec-lmr12!
Missing character: There is no Į (U+012E) in font ec-lmr12!
Missing character: There is no š (U+0161) in font ec-lmr12!
Missing character: There is no š (U+0161) in font ec-lmr12!
Missing character: There is no ė (U+0117) in font ec-lmr12!
Missing character: There is no š (U+0161) in font ec-lmr12!
Missing character: There is no į (U+012F) in font ec-lmr12!
Missing character: There is no į (U+012F) in font ec-lmr12!
Missing character: There is no ų (U+0173) in font ec-lmr12!
Missing character: There is no ž (U+017E) in font ec-lmr12!
Missing character: There is no ą (U+0105) in font ec-lmr12!
Missing character: There is no š (U+0161) in font ec-lmr12!
Missing character: There is no į (U+012F) in font ec-lmr12!
Missing character: There is no š (U+0161) in font ec-lmr12!
Missing character: There is no į (U+012F) in font ec-lmr12!
] [4
Missing character: There is no ė (U+0117) in font ec-lmr12!
Missing character: There is no ę (U+0119) in font ec-lmr12!
Missing character: There is no ų (U+0173) in font ec-lmr12!
Missing character: There is no č (U+010D) in font ec-lmr12!
Missing character: There is no ų (U+0173) in font ec-lmr12!
Missing character: There is no ė (U+0117) in font ec-lmr12!
Missing character: There is no ą (U+0105) in font ec-lmr12!
Missing character: There is no į (U+012F) in font ec-lmr12!
Missing character: There is no ą (U+0105) in font ec-lmr12!
Missing character: There is no į (U+012F) in font ec-lmr12!
Missing character: There is no š (U+0161) in font ec-lmr12!
Missing character: There is no ų (U+0173) in font ec-lmr12!
Missing character: There is no ą (U+0105) in font ec-lmr12!
Missing character: There is no ę (U+0119) in font ec-lmr12!
Missing character: There is no į (U+012F) in font ec-lmr12!
Missing character: There is no ų (U+0173) in font ec-lmr12!
Missing character: There is no ą (U+0105) in font ec-lmr12!
Missing character: There is no š (U+0161) in font ec-lmr12!
] (./Dokumentacija.aux))

Here is how much of LuaTeX's memory you used:
 2009 strings out of 478382
 100000,1977958 words of node,token memory allocated
 452 words of node memory still in use:
   4 hlist, 1 vlist, 1 rule, 4 glue, 3 kern, 1 glyph, 7 attribute, 51 glue_spec,
 5 attribute_list, 1 write nodes
   avail lists: 2:384,3:98,4:19,5:219,6:32,7:3558,8:1,9:172,10:15,11:496
 22104 multiletter control sequences out of 65536+600000
 42 fonts using 2566687 bytes
 44i,6n,60p,393b,194s stack positions out of 10000i,1000n,20000p,200000b,200000s
{/usr/share/texmf/fonts/enc/dvips/lm/lm-ec.enc}</usr/share/texmf/fonts/type1/pub
lic/lm/lmbx12.pfb></usr/share/texmf/fonts/type1/public/lm/lmr12.pfb></usr/share/
texmf/fonts/type1/public/lm/lmr17.pfb></usr/share/texmf/fonts/type1/public/lm/lm
ri12.pfb>
Output written on Dokumentacija.pdf (5 pages, 104288 bytes).

PDF statistics: 37 PDF objects out of 1000 (max. 8388607)
 25 compressed objects within 1 object stream
 0 named destinations out of 1000 (max. 131072)
 1 words of extra memory for PDF output out of 10000 (max. 100000000)

